[2012-02-02 10:57:33] Leanguage.ERROR: Search Text not found hey i have this Meeting on friday at bmich [] []
[2012-02-02 10:58:03] Leanguage.ERROR: Search Text not found hey i have this Meeting on friday at bmich [] []
[2012-02-02 11:09:50] Leanguage.ERROR: Search Text not found hey i have this Meeting on friday at bmich [] []
[2012-02-02 11:09:59] Leanguage.ERROR: Search Text not found hey i have this Meeting on friday at bmich [] []
[2012-02-02 11:23:56] Leanguage.ERROR: Search Text not found hey i have this Meeting on friday at bmich [] []
[2012-02-02 11:24:26] Leanguage.ERROR: Search Text not found hey i have this Meeting on friday at bmich [] []
[2012-02-02 11:24:28] Leanguage.ERROR: Search Text not found hey i have this Meeting on friday at bmich [] []
[2012-02-02 11:24:59] Leanguage.ERROR: Search Text not found hey i have this Meeting on friday at bmich [] []
[2012-02-02 11:25:31] Leanguage.ERROR: Search Text not found hey i have this Meeting on friday at bmich [] []
[2012-02-02 11:26:01] Leanguage.ERROR: Search Text not found hey i have this Meeting on friday at bmich [] []
[2012-02-02 11:26:11] Leanguage.ERROR: Search Text not found hey i have this Meeting on friday at bmich [] []
[2012-02-02 11:27:11] Leanguage.ERROR: Search Text not found hey i have this Meeting on friday at bmich [] []
[2012-02-02 11:27:26] Leanguage.ERROR: Search Text not found hey i have this Meeting on friday at bmich [] []
[2012-02-02 11:27:51] Leanguage.ERROR: Search Text not found hey i have this Meeting on friday at bmich [] []
[2012-02-02 11:29:05] Leanguage.ERROR: Search Text not found hey i have this Meeting on friday at bmich [] []
[2012-02-02 11:30:11] Leanguage.ERROR: Search Text not found hey i have this Meeting on friday at bmich [] []
[2012-02-02 11:30:48] Leanguage.ERROR: Search Text not found hey i have this Meeting on friday at bmich [] []
[2012-02-02 11:30:56] Leanguage.ERROR: Search Text not found hey i have this Meeting on friday at bmich [] []
[2012-02-02 11:33:19] Leanguage.ERROR: Search Text not found hey i have this Meeting on friday at bmich [] []
[2012-02-02 11:33:29] Leanguage.ERROR: Search Text not found hey i have this Meeting on friday at bmich [] []
[2012-02-02 11:34:47] Leanguage.ERROR: Search Text not found hey i have a meeting today in bmich [] []
[2012-02-02 11:35:29] Leanguage.ERROR: Search Text not found hey i have a Meeting today in bmich [] []
[2012-02-02 11:36:12] Leanguage.ERROR: Search Text not found hey i have a Meeting today in bmich [] []
[2012-02-02 11:36:33] Leanguage.ERROR: Search Text not found hey i have a Meeting today in bmich [] []
[2012-02-02 11:50:04] Leanguage.ERROR: Search Text not found hey i have a Meeting today in bmich [] []
[2012-02-02 11:52:15] Leanguage.ERROR: Search Text not found hey i have a Meeting today in bmich [] []
[2012-02-02 11:52:34] Leanguage.ERROR: Search Text not found hey i have a Meeting today in bmich [] []
[2012-02-02 11:53:08] Leanguage.ERROR: Search Text not found hey i have a Meeting today in bmich [] []
[2012-02-02 11:57:26] Leanguage.ERROR: Search Text not found hey i have a Meeting today in bmich [] []
[2012-02-02 11:57:52] Leanguage.ERROR: Search Text not found hey i have a Meeting today in bmich [] []
[2012-02-02 11:58:01] Leanguage.ERROR: Search Text not found hey i have a Meeting today in bmich [] []
[2012-02-02 11:58:39] Leanguage.ERROR: Search Text not found hey i have a Meeting today in bmich [] []
[2012-02-02 11:58:54] Leanguage.ERROR: Search Text not found hey i have a Meeting today in bmich [] []
[2012-02-02 11:59:39] Leanguage.ERROR: Search Text not found hey i have a Meeting today in bmich [] []
[2012-02-02 11:59:58] Leanguage.ERROR: Search Text not found hey i have a Meeting today in bmich [] []
[2012-02-02 12:00:50] Leanguage.ERROR: Search Text not found hey i have a Meeting today in bmich [] []
[2012-02-02 12:03:37] Leanguage.ERROR: Search Text not found hey i have a Meeting today in bmich [] []
[2012-02-02 12:04:01] Leanguage.ERROR: Search Text not found hey i have a Meeting today in bmich [] []
[2012-02-02 12:09:24] Leanguage.ERROR: Search Text not found hey i have a Meeting today in bmich [] []
[2012-02-02 12:11:45] Leanguage.ERROR: Search Text not found hey i this Meeting in bmich [] []
[2012-02-02 12:14:24] Leanguage.ERROR: Search Text not found hey i this Meeting tomorrow in bmich [] []
[2012-02-02 12:15:29] Leanguage.ERROR: Search Text not found hey i this Meeting tomorrow in bmich [] []
[2012-02-02 12:19:39] Leanguage.ERROR: Search Text not found hey i this Meeting tomorrow in bmich [] []
[2012-02-02 12:20:49] Leanguage.ERROR: Search Text not found hey i this Meeting tomorrow in bmich [] []
[2012-02-02 12:21:00] Leanguage.ERROR: Search Text not found hey i this Meeting tomorrow in bmich [] []
[2012-02-02 12:23:43] Leanguage.ERROR: Search Text not found hey i this Meeting tomorrow in bmich [] []
[2012-02-02 12:24:26] Leanguage.ERROR: Search Text not found hey i this Meeting tomorrow in bmich [] []
[2012-02-02 12:34:01] Leanguage.ERROR: Search Text not found hey i this Meeting tomorrow in bmich [] []
[2012-02-02 12:34:28] Leanguage.ERROR: Search Text not found hey i this Meeting tomorrow in bmich [] []
[2012-02-02 12:35:15] Leanguage.ERROR: Search Text not found hey i this Meeting tomorrow in bmich [] []
[2012-02-02 12:36:03] Leanguage.ERROR: Search Text not found hey i this Meeting tomorrow in bmich [] []
[2012-02-02 12:38:07] Leanguage.ERROR: Search Text not found hey i this Meeting tomorrow in bmich [] []
[2012-02-02 12:38:19] Leanguage.ERROR: Search Text not found hey i this Meeting tomorrow in bmich [] []
[2012-02-02 12:39:05] Leanguage.ERROR: Search Text not found hey i this Meeting tomorrow in bmich [] []
[2012-02-02 12:39:42] Leanguage.ERROR: Search Text not found hey i this Meeting tomorrow in bmich [] []
[2012-02-02 12:39:54] Leanguage.ERROR: Search Text not found hey i this Meeting tomorrow in bmich [] []
[2012-02-02 12:45:43] Leanguage.ERROR: Search Text not found hey i this Meeting tomorrow in bmich [] []
[2012-02-02 12:46:04] Leanguage.ERROR: Search Text not found hey i this Meeting tomorrow in bmich [] []
[2012-02-02 12:46:13] Leanguage.ERROR: Search Text not found hey i this Meeting tomorrow in bmich [] []
[2012-02-02 12:46:49] Leanguage.ERROR: Search Text not found hey i this Meeting tomorrow in bmich [] []
[2012-02-02 12:47:28] Leanguage.ERROR: Search Text not found hey i this Meeting tomorrow in bmich [] []
[2012-02-02 12:47:48] Leanguage.ERROR: Search Text not found hey i this Meeting tomorrow in bmich [] []
[2012-02-02 12:54:45] Leanguage.ERROR: Search Text not found hey i this Meeting tomorrow in bmich [] []
[2012-02-02 12:55:34] Leanguage.ERROR: Search Text not found hey i this Meeting tomorrow in bmich [] []
[2012-02-02 12:56:13] Leanguage.ERROR: Search Text not found hey i this Meeting tomorrow in BMICH [] []
[2012-02-02 12:56:39] Leanguage.ERROR: Search Text not found hey i this Meeting tomorrow in BMICH [] []
[2012-02-02 12:57:56] Leanguage.ERROR: Search Text not found hey i this Meeting tomorrow in BMICH [] []
[2012-02-03 06:50:48] Leanguage.ERROR: Search Text not found hey i have this Meeting tomorrow in BMICH [] []
[2012-02-03 20:21:55] Leanguage.ERROR: Search Text not found i have a Party on sunday at iit [] []
[2012-02-03 20:22:57] Leanguage.ERROR: Search Text not found i have a Party on sunday at IIT [] []
[2012-02-03 20:30:58] Leanguage.ERROR: Search Text not found i have a Party on sunday at iit [] []
[2012-02-03 20:33:03] Leanguage.ERROR: Search Text not found i have a Party on sunday at iit [] []
[2012-02-03 20:35:03] Leanguage.ERROR: Search Text not found i have a Party on sunday at iit [] []
[2012-02-03 20:35:30] Leanguage.ERROR: Search Text not found i have a Party on sunday at IIT [] []
[2012-02-03 20:36:09] Leanguage.ERROR: Search Text not found i have a Party on sunday at iit [] []
[2012-02-03 20:36:32] Leanguage.ERROR: Search Text not found i have a Party on sunday at IIT - 4LA [] []
[2012-02-03 20:36:39] Leanguage.ERROR: Search Text not found i have a Party on sunday at IIT [] []
[2012-02-03 20:40:00] Leanguage.ERROR: Search Text not found Hangout in Next week at IIT [] []
[2012-02-03 21:31:33] Leanguage.ERROR: Search Text not found iit [] []
[2012-02-03 21:31:44] Leanguage.ERROR: Search Text not found in iit [] []
[2012-02-03 21:52:13] Leanguage.ERROR: Search Text not found Party tomorrow in IIT - 4LA [] []
[2012-02-03 21:53:56] Leanguage.ERROR: Search Text not found Party tomorrow in IIT - 4LA [] []
[2012-02-03 21:56:33] Leanguage.ERROR: Search Text not found Party tomorrow in IIT - 4LA [] []
[2012-02-03 21:58:31] Leanguage.ERROR: Search Text not found Party tomorrow in IIT - 4LA [] []
[2012-02-03 21:58:52] Leanguage.ERROR: Search Text not found hey i have a Party tomorrow in IIT - 4LA [] []
[2012-02-03 22:18:09] Leanguage.ERROR: Search Text not found Thres a Course to finish by Mondaasdasdy in IIT [] []
[2012-02-03 22:18:09] Decode.ERROR: Time not found in thres a course to finish by mondaasdasdy iit [] []
[2012-02-04 14:08:25] Leanguage.ERROR: Search Text not found hey i have a Meeting on 25th in IIT [] []
[2012-02-04 14:08:26] Decode.ERROR: Time not found in hey i have a meeting 25th iit [] []
[2012-02-04 14:09:52] Leanguage.ERROR: Search Text not found hey i have a Meeting on 25th in IIT [] []
[2012-02-04 14:09:52] Decode.ERROR: Time not found in hey i have a meeting 25th iit [] []
[2012-02-04 14:10:19] Leanguage.ERROR: Search Text not found hey i have a Meeting on 25th january in IIT [] []
[2012-02-07 22:03:56] Leanguage.ERROR: Search Text not found Hey i got a Meeting on thursday in bmich [] []
[2012-02-07 22:04:42] Leanguage.ERROR: Search Text not found Hey i got a Meeting on thursday in bmich [] []
[2012-02-07 22:07:28] Leanguage.ERROR: Search Text not found Hey i got a Meeting on thursday in bmich [] []
[2012-02-07 22:08:50] Leanguage.ERROR: Search Text not found Hey i got a Meeting on thursday in bmich] [] []
[2012-02-07 22:09:11] Leanguage.ERROR: Search Text not found Hey i got a Meeting on thursday in bmich [] []
[2012-02-07 22:09:33] Leanguage.ERROR: Search Text not found Hey i got a Meeting on thursday in bmich [] []
[2012-02-07 22:12:08] Leanguage.ERROR: Search Text not found Hey i got a Meeting on thursday in Mihilaka Medura BMICH [] []
[2012-02-07 22:13:02] Leanguage.ERROR: Search Text not found Hey i got a Meeting on thursday in Mihilaka Medura BMICH [] []
[2012-02-07 22:13:34] Leanguage.ERROR: Search Text not found Hey i got a Meeting on thursday in BMICH [] []
[2012-02-12 06:51:34] Leanguage.ERROR: Search Text not found hey i have a Meeting today at 2 in bmich [] []
[2012-02-12 06:51:42] Leanguage.ERROR: Search Text not found hey i have a Meeting today at 2 in bmich [] []
[2012-02-12 07:09:48] Leanguage.ERROR: Search Text not found hey i have this Meeting tomorrow in bmich [] []
[2012-02-12 07:54:41] Leanguage.ERROR: Search Text not found hey i have school Meeting tomorrow in bmich [] []
[2012-02-12 07:55:50] Leanguage.ERROR: Search Text not found hey i have school Meeting tomorrow in bmich [] []
[2012-02-12 07:56:34] Leanguage.ERROR: Search Text not found hey i have school Meeting tomorrow in bmich [] []
[2012-02-12 08:13:12] Leanguage.ERROR: Search Text not found hey i have school Meeting tomorrow in BMICH [] []
[2012-02-12 08:15:19] Leanguage.ERROR: Search Text not found hey i have school Meeting tomorrow in BMICH [] []
[2012-02-12 08:16:16] Leanguage.ERROR: Search Text not found hey i have school Meeting tomorrow in BMICH [] []
[2012-02-12 08:26:07] Leanguage.ERROR: Search Text not found hey i have school Meeting tomorrow in BMICH [] []
[2012-02-12 08:26:15] Leanguage.ERROR: Search Text not found hey i have school Meeting tomorrow in BMICH [] []
[2012-02-12 08:26:25] Leanguage.ERROR: Search Text not found hey i have school Meeting tomorrow in BMICH [] []
[2012-02-12 15:02:32] Leanguage.ERROR: Search Text not found hey i have school Meeting tomorrow in BMICH [] []
[2012-02-12 15:04:30] Leanguage.ERROR: Search Text not found hey i have school Meeting tomorrow in BMICH [] []
[2012-02-12 20:09:15] Leanguage.ERROR: Search Text not found hey i have school Meeting tomorrow in BMICH [] []
[2012-02-16 11:48:21] Leanguage.ERROR: Search Text not found hey i have this meeting tomorrow in BMICH [] []
[2012-02-16 11:49:57] Leanguage.ERROR: Search Text not found hey i have this meeting tomorrow in BMICH [] []
[2012-02-16 11:51:48] Leanguage.ERROR: Search Text not found hey i have this meeting tomorrow in BMICH [] []
[2012-02-16 11:51:57] Leanguage.ERROR: Search Text not found hey i have this meeting tomorrow in BMICH [] []
[2012-02-16 11:56:08] Leanguage.ERROR: Search Text not found hey i have this meeting tomorrow in BMICH [] []
[2012-02-16 11:56:53] Leanguage.ERROR: Search Text not found hey i have this meeting tomorrow in BMICH [] []
[2012-02-16 11:57:08] Leanguage.ERROR: Search Text not found hey i have this meeting tomorrow in BMICH [] []
[2012-02-16 11:58:10] Leanguage.ERROR: Search Text not found hey i have this meeting tomorrow in BMICH [] []
[2012-02-16 11:58:11] Leanguage.ERROR: Search Text not found hey i have this meeting tomorrow in BMICH [] []
[2012-02-16 11:58:24] Leanguage.ERROR: Search Text not found hey i have this meeting tomorrow in BMICH [] []
[2012-02-16 11:58:39] Leanguage.ERROR: Search Text not found hey i have this meeting tomorrow in BMICH [] []
[2012-02-16 11:58:58] Leanguage.ERROR: Search Text not found hey i have this meeting tomorrow in BMICH [] []
[2012-02-16 11:59:45] Leanguage.ERROR: Search Text not found hey i have this meeting tomorrow in BMICH [] []
[2012-02-16 12:00:02] Leanguage.ERROR: Search Text not found hey i have this meeting tomorrow in BMICH [] []
[2012-02-16 12:01:31] Leanguage.ERROR: Search Text not found hey i have this meeting tomorrow in BMICH [] []
[2012-02-16 12:01:51] Leanguage.ERROR: Search Text not found hey i have this Meeting tomorrow in BMICH [] []
[2012-02-16 12:02:03] Leanguage.ERROR: Search Text not found hey i have this Meeting tomorrow in BMICH [] []
[2012-02-16 12:02:37] Leanguage.ERROR: Search Text not found hey i have this Meeting tomorrow in BMICH [] []
[2012-02-16 12:03:32] Leanguage.ERROR: Search Text not found hey i have this Meeting tomorrow in BMICH [] []
[2012-02-16 12:28:03] Leanguage.ERROR: Search Text not found hey i have this Meeting tomorrow in BMICH [] []
[2012-02-16 12:31:21] Leanguage.ERROR: Search Text not found hey i have this Meeting tomorrow in BMICH [] []
[2012-02-16 12:31:36] Leanguage.ERROR: Search Text not found hey i have this Meeting tomorrow in BMICH [] []
[2012-02-16 12:36:40] Leanguage.ERROR: Search Text not found hey i have this Meeting tomorrow in BMICH [] []
[2012-02-16 12:48:49] Leanguage.ERROR: Search Text not found hey i have this Meeting tomorrow in BMICH [] []
[2012-02-16 12:49:12] Leanguage.ERROR: Search Text not found hey i have this Meeting tomorrow in BMICH [] []
[2012-02-16 12:49:56] Leanguage.ERROR: Search Text not found hey i have this Meeting tomorrow 1pm in BMICH [] []
[2012-02-16 13:16:44] Leanguage.ERROR: Search Text not found hey i have this Meeting tomorrow 1pm in BMICH [] []
[2012-02-16 13:17:21] Leanguage.ERROR: Search Text not found hey i have this Meeting tomorrow 1pm in BMICH [] []
[2012-02-16 13:17:58] Leanguage.ERROR: Search Text not found hey i have this Meeting tomorrow 1pm in BMICH [] []
[2012-02-16 13:19:24] Leanguage.ERROR: Search Text not found hey i have this Meeting tomorrow 1pm in BMICH [] []
[2012-02-16 13:19:37] Leanguage.ERROR: Search Text not found hey i have this Meeting tomorrow 1pm in BMICH [] []
[2012-02-16 13:22:46] Leanguage.ERROR: Search Text not found hey i have this Meeting tommorow in BMICH [] []
[2012-02-16 13:23:56] Leanguage.ERROR: Search Text not found hey i have this Meeting tommorow in BMICH [] []
[2012-02-16 13:25:11] Leanguage.ERROR: Search Text not found hey i have a Meeting tommrow in BMICH [] []
[2012-02-16 13:25:11] Decode.ERROR: Time not found in hey i have a meeting tommrow bmich [] []
[2012-02-16 13:26:27] Leanguage.ERROR: Search Text not found hey i have a Meeting tommrow in BMICH [] []
[2012-02-16 13:26:27] Decode.ERROR: Time not found in hey i have a meeting tommrow bmich [] []
[2012-02-16 13:26:54] Leanguage.ERROR: Search Text not found hey i have a Meeting tommrow in BMICH [] []
[2012-02-16 13:26:54] Decode.ERROR: Time not found in hey i have a meeting tommrow bmich [] []
[2012-02-16 13:29:15] Leanguage.ERROR: Search Text not found hey i have a Meeting tommrow in BMICH [] []
[2012-02-16 13:30:32] Leanguage.ERROR: Search Text not found hey i have a Meeting tommrow in BMICH [] []
[2012-02-16 13:31:40] Leanguage.ERROR: Search Text not found hey i have a Meeting tommorow in BMICH [] []
[2012-02-16 13:32:42] Leanguage.ERROR: Search Text not found hey i have a Meeting tommrow in BMICH [] []
[2012-02-16 13:32:42] Decode.ERROR: Time not found in hey i have a meeting tommrow bmich [] []
[2012-02-16 13:33:14] Leanguage.ERROR: Search Text not found hey i have a Meeting tommorow in BMICH [] []
[2012-02-16 13:35:30] Leanguage.ERROR: Search Text not found hey i have a Meeting tommorow in BMICH [] []
[2012-02-16 13:37:52] Leanguage.ERROR: Search Text not found hey i have a Meeting tommorow in BMICH [] []
[2012-02-16 13:40:25] Leanguage.ERROR: Search Text not found hey i have a Meeting tommorow in BMICH [] []
[2012-02-16 13:53:37] Leanguage.ERROR: Search Text not found hey i have a Meeting tommorow in BMICH [] []
[2012-02-16 13:54:48] Leanguage.ERROR: Search Text not found hey i have a Meeting tommorow in Bmich [] []
[2012-02-16 14:01:28] Leanguage.ERROR: Search Text not found hey i have a Meeting tommorow in bmich [] []
[2012-02-16 14:05:06] Leanguage.ERROR: Search Text not found hey i have a Meeting tommorow in BMICH [] []
