[2012-03-08 11:19:09] Leanguage.ERROR: Search Text not found tommoro i have a meeting in bmich  [] []
[2012-03-08 11:19:10] Decode.ERROR: Time not found in tommoro i have a meeting bmich  [] []
[2012-03-08 11:19:38] Leanguage.ERROR: Search Text not found i have a meeting in bmich tommoro  [] []
[2012-03-08 11:19:38] Decode.ERROR: Time not found in i have a meeting bmich tommoro  [] []
[2012-03-08 11:21:06] Leanguage.ERROR: Search Text not found i have a meeting in bmich next week [] []
[2012-03-08 11:21:50] Leanguage.ERROR: Search Text not found hey i hve a meeting in bmich next week [] []
[2012-03-08 12:10:20] Leanguage.ERROR: Search Text not found hey i have a meeting in bmich tomorrow [] []
[2012-03-10 07:56:24] Leanguage.ERROR: Search Text not found hey i have a meeting in Mihilaka Medura BMICH tomorrow [] []
[2012-03-10 15:38:59] Leanguage.ERROR: Search Text not found hey i have to be home tomorrow evening Asssss [] []
[2012-03-11 08:48:18] Leanguage.ERROR: Search Text not found Meeting tomorrow at BMICH [] []
[2012-03-11 08:48:39] Leanguage.ERROR: Search Text not found Meeting tomorrow at BMICH [] []
[2012-03-11 08:50:00] Leanguage.ERROR: Search Text not found Meeting tomorrow at BMICH [] []
[2012-03-11 08:51:07] Leanguage.ERROR: Search Text not found Meeting tomorrow at BMICH [] []
[2012-03-11 08:55:37] Leanguage.ERROR: Search Text not found Meeting tomorrow at BMICH [] []
[2012-03-11 08:56:46] Leanguage.ERROR: Search Text not found Meeting tomorrow at BMICH [] []
[2012-03-11 08:57:24] Leanguage.ERROR: Search Text not found Meeting tomorrow at BMICH [] []
[2012-03-11 08:57:36] Leanguage.ERROR: Search Text not found Meeting tomorrow at BMICH [] []
[2012-03-11 08:58:44] Leanguage.ERROR: Search Text not found Meeting tomorrow at BMICH [] []
[2012-03-11 08:59:34] Leanguage.ERROR: Search Text not found Meeting tomorrow at BMICH [] []
[2012-03-11 09:00:02] Leanguage.ERROR: Search Text not found Meeting tomorrow at BMICH [] []
[2012-03-11 09:01:08] Leanguage.ERROR: Search Text not found Meeting tomorrow at BMICH [] []
[2012-03-11 09:02:19] Leanguage.ERROR: Search Text not found Meeting tomorrow at BMICH [] []
[2012-03-11 09:03:30] Leanguage.ERROR: Search Text not found Meeting tomorrow at BMICH [] []
[2012-03-11 09:03:56] Leanguage.ERROR: Search Text not found Meeting tomorrow at BMICH [] []
[2012-03-11 09:04:13] Leanguage.ERROR: Search Text not found Meeting tomorrow at BMICH [] []
[2012-03-11 09:04:55] Leanguage.ERROR: Search Text not found Meeting tomorrow at BMICH [] []
[2012-03-11 09:05:36] Leanguage.ERROR: Search Text not found Meeting tomorrow at BMICH [] []
[2012-03-11 09:06:43] Leanguage.ERROR: Search Text not found Meeting tomorrow at BMICH [] []
[2012-03-11 09:07:20] Leanguage.ERROR: Search Text not found Meeting tomorrow at BMICH [] []
[2012-03-11 09:07:42] Leanguage.ERROR: Search Text not found Meeting tomorrow at BMICH [] []
[2012-03-11 12:17:59] Leanguage.ERROR: Search Text not found meeting tomorrow in BMICH [] []
[2012-03-11 12:18:13] Leanguage.ERROR: Search Text not found meeting day after tomorrow in BMICH [] []
[2012-03-11 12:18:13] Decode.ERROR: Time not found in meeting day after tomorrow bmich [] []
[2012-03-11 12:18:57] Leanguage.ERROR: Search Text not found meeting day after tomorrow in BMICH [] []
[2012-03-11 12:18:57] Decode.ERROR: Time not found in meeting day after tomorrow bmich [] []
[2012-03-11 12:19:34] Leanguage.ERROR: Search Text not found meeting next monday in BMICH [] []
[2012-03-11 12:26:57] Leanguage.ERROR: Search Text not found meeting next monday in BMICH [] []
[2012-03-11 12:27:59] Leanguage.ERROR: Search Text not found meeting next monday in BMICH [] []
[2012-03-11 12:28:28] Leanguage.ERROR: Search Text not found meeting next monday in BMICH [] []
[2012-03-11 12:29:11] Leanguage.ERROR: Search Text not found meeting next monday in BMICH [] []
[2012-03-11 12:30:33] Leanguage.ERROR: Search Text not found meeting next monday in BMICH [] []
[2012-03-11 12:32:02] Leanguage.ERROR: Search Text not found meeting next monday in BMICH [] []
[2012-03-11 12:55:17] Leanguage.ERROR: Search Text not found meeting next monday in BMICH [] []
[2012-03-11 12:57:16] Leanguage.ERROR: Search Text not found meeting next monday in BMICH [] []
[2012-03-11 13:00:19] Leanguage.ERROR: Search Text not found meeting next monday in BMICH [] []
[2012-03-11 13:06:58] Leanguage.ERROR: Search Text not found meeting next monday in BMICH [] []
[2012-03-11 13:16:56] Leanguage.ERROR: Search Text not found meeting next monday in BMICH [] []
[2012-03-11 13:17:40] Leanguage.ERROR: Search Text not found meeting next monday in BMICH [] []
[2012-03-11 13:19:17] Leanguage.ERROR: Search Text not found meeting next monday in BMICH [] []
[2012-03-11 13:19:27] Leanguage.ERROR: Search Text not found meeting next monday in BMICH [] []
[2012-03-11 13:19:45] Leanguage.ERROR: Search Text not found meeting next monday in BMICH [] []
[2012-03-11 13:21:02] Leanguage.ERROR: Search Text not found meeting next monday in BMICH [] []
[2012-03-11 13:23:27] Leanguage.ERROR: Search Text not found meeting next monday in BMICH [] []
[2012-03-11 13:24:35] Leanguage.ERROR: Search Text not found meeting next monday in BMICH [] []
[2012-03-11 13:32:55] Leanguage.ERROR: Search Text not found meeting next monday in BMICH [] []
[2012-03-11 13:33:15] Leanguage.ERROR: Search Text not found meeting next monday in BMICH [] []
[2012-03-11 13:34:47] Leanguage.ERROR: Search Text not found meeting next monday in BMICH [] []
[2012-03-11 13:35:35] Leanguage.ERROR: Search Text not found meeting next monday in BMICH [] []
[2012-03-11 13:38:24] Leanguage.ERROR: Search Text not found meeting next monday in BMICH [] []
[2012-03-11 13:40:27] Leanguage.ERROR: Search Text not found meeting next monday in BMICH [] []
[2012-03-11 13:40:46] Leanguage.ERROR: Search Text not found meeting next monday in BMICH [] []
[2012-03-11 14:47:35] Leanguage.ERROR: Search Text not found hey meeting in bmich next monday [] []
[2012-03-11 14:47:54] Leanguage.ERROR: Search Text not found hey meeting in bmich next monday [] []
[2012-03-11 14:49:19] Leanguage.ERROR: Search Text not found hey meeting in bmich next monday [] []
[2012-03-11 14:49:59] Leanguage.ERROR: Search Text not found hey meeting in bmich next monday [] []
[2012-03-11 14:50:36] Leanguage.ERROR: Search Text not found hey meeting in bmich next monday [] []
[2012-03-11 14:52:46] Leanguage.ERROR: Search Text not found hey meeting in bmich next monday [] []
[2012-03-11 14:54:06] Leanguage.ERROR: Search Text not found hey meeting in bmich next monday [] []
[2012-03-11 14:54:42] Leanguage.ERROR: Search Text not found hey meeting in bmich next monday [] []
[2012-03-11 14:55:28] Leanguage.ERROR: Search Text not found hey meeting in bmich next monday [] []
[2012-03-11 14:55:46] Leanguage.ERROR: Search Text not found hey meeting in bmich next monday [] []
[2012-03-11 14:56:12] Leanguage.ERROR: Search Text not found hey meeting in bmich next monday [] []
[2012-03-11 14:56:57] Leanguage.ERROR: Search Text not found hey meeting in BMICH next monday [] []
[2012-03-11 15:03:58] Leanguage.ERROR: Search Text not found hey meeting in BMICH next monday [] []
[2012-03-11 15:04:01] Leanguage.ERROR: Search Text not found hey meeting in bmich next monday [] []
[2012-03-11 15:07:03] Leanguage.ERROR: Search Text not found Meeting in bmich next monday [] []
[2012-03-11 15:14:56] Leanguage.ERROR: Search Text not found Meeting in bmich next monday [] []
[2012-03-11 15:21:17] Leanguage.ERROR: Search Text not found Meeting in bmich next monday [] []
[2012-03-11 15:22:37] Leanguage.ERROR: Search Text not found Meeting in BMICH next monday [] []
[2012-03-11 15:28:17] Leanguage.ERROR: Search Text not found hey i have a Meeting in BMICH next monday [] []
[2012-03-11 15:40:09] Leanguage.ERROR: Search Text not found hey i have a Meeting in BMICH next monday [] []
[2012-03-11 15:40:29] Leanguage.ERROR: Search Text not found hey i have a Meeting in BMICH next monday [] []
[2012-03-11 15:43:17] Leanguage.ERROR: Search Text not found hey i have a Meeting in BMICH next monday [] []
[2012-03-11 15:44:08] Leanguage.ERROR: Search Text not found hey i have a Meeting in BMICH next monday [] []
[2012-03-11 15:44:14] Leanguage.ERROR: Search Text not found hey i have a Meeting in BMICH next monday [] []
[2012-04-25 00:49:17] Leanguage.ERROR: Search Text not found hey i have a meeting in the next week end at bmich [] []
[2012-04-25 00:51:34] Leanguage.ERROR: Search Text not found hey i have a meeting in the next week end at bmich [] []
[2012-05-01 06:17:26] Leanguage.ERROR: Search Text not found hey i have a Meeting next monday at IFS [] []
[2012-05-01 06:17:48] Leanguage.ERROR: Search Text not found hey i have a Meeting next monday at IFS [] []
[2012-05-01 06:20:23] Leanguage.ERROR: Search Text not found hey i have a Meeting next monday at IFS [] []
[2012-05-01 06:21:21] Leanguage.ERROR: Search Text not found hey i have a Meeting at ifs [] []
[2012-05-01 06:21:21] Decode.ERROR: Time not found in hey i have a meeting ifs [] []
[2012-05-01 06:29:47] Leanguage.ERROR: Search Text not found hey i have a Meeting next monday at ifs [] []
[2012-05-01 06:30:31] Leanguage.ERROR: Search Text not found hey i have a Meeting next monday at IFS [] []
[2012-05-04 13:29:05] Decode.ERROR: Time not found in hey i have a meeting day after tomorrow around 2 ifs [] []
[2012-05-04 13:30:34] Leanguage.ERROR: Search Text not found hey i have a meeting day after tomorrow around 2 in IFS [] []
[2012-05-04 13:30:34] Decode.ERROR: Time not found in hey i have a meeting day after tomorrow around 2 ifs [] []
[2012-05-04 13:30:58] Leanguage.ERROR: Search Text not found hey i have a meeting  tomorrow around 2 in IFS [] []
[2012-05-05 08:34:08] Leanguage.ERROR: Search Text not found asd [] []
[2012-05-05 08:34:08] Decode.ERROR: Time not found in asd [] []
[2012-05-05 08:42:25] Leanguage.ERROR: Search Text not found asd [] []
[2012-05-05 08:42:25] Decode.ERROR: Time not found in asd [] []
[2012-05-05 08:42:49] Leanguage.ERROR: Search Text not found asd [] []
[2012-05-05 08:42:49] Decode.ERROR: Time not found in asd [] []
[2012-05-05 08:43:58] Leanguage.ERROR: Search Text not found asd [] []
[2012-05-05 08:43:58] Decode.ERROR: Time not found in asd [] []
[2012-05-05 09:06:38] Leanguage.ERROR: Search Text not found Hey I hve a  [] []
[2012-05-05 09:06:38] Decode.ERROR: Time not found in hey i hve a  [] []
[2012-05-05 09:15:40] Decode.ERROR: Time not found in hey i have a [] []
[2012-05-05 09:16:32] Decode.ERROR: Time not found in hey i have a [] []
[2012-05-05 09:18:35] Decode.ERROR: Time not found in hey i have a [] []
[2012-05-05 09:21:18] Decode.ERROR: Time not found in hey i have a [] []
[2012-05-05 09:22:53] Decode.ERROR: Time not found in hey i have a [] []
[2012-05-05 09:23:13] Decode.ERROR: Time not found in hey i have a [] []
[2012-05-05 09:24:25] Decode.ERROR: Time not found in hey i have a [] []
[2012-05-05 09:28:53] Decode.ERROR: Time not found in hey i have a [] []
[2012-05-05 09:31:38] Decode.ERROR: Time not found in hey i have a [] []
[2012-05-05 09:35:31] Decode.ERROR: Time not found in hey i have a [] []
[2012-05-05 09:35:59] Decode.ERROR: Time not found in hey i have a [] []
[2012-05-05 09:36:23] Decode.ERROR: Time not found in hey i have a [] []
[2012-05-05 09:36:56] Decode.ERROR: Time not found in hey i have a [] []
[2012-05-05 09:38:43] Decode.ERROR: Time not found in hey i have a [] []
[2012-05-05 09:38:53] Decode.ERROR: Time not found in hey i have a [] []
[2012-05-05 09:39:17] Decode.ERROR: Time not found in hey i have a [] []
[2012-05-05 09:39:36] Decode.ERROR: Time not found in hey i have a [] []
[2012-05-05 09:40:21] Decode.ERROR: Time not found in hey i have a [] []
[2012-05-05 09:44:27] Decode.ERROR: Time not found in hey i have a [] []
[2012-05-05 09:45:03] Decode.ERROR: Time not found in hey i have a [] []
[2012-05-05 09:46:12] Decode.ERROR: Time not found in hey i have a [] []
[2012-05-05 09:46:40] Decode.ERROR: Time not found in hey i have a [] []
[2012-05-05 09:51:08] Decode.ERROR: Time not found in hey i have a [] []
[2012-05-05 09:52:07] Decode.ERROR: Time not found in hey i have a [] []
[2012-05-05 09:54:02] Decode.ERROR: Time not found in hey i have a [] []
[2012-05-05 09:54:22] Decode.ERROR: Time not found in i have to submit the course work before 12th may [] []
[2012-05-05 09:54:27] Leanguage.ERROR: Search Text not found I have exams starting on week after next week at IIT [] []
[2012-05-05 09:54:27] Decode.ERROR: Time not found in i have exams starting week after next week iit [] []
[2012-05-05 09:54:35] Decode.ERROR: Time not found in i have to be home for sammis birthday [] []
[2012-05-05 09:56:00] Decode.ERROR: Time not found in hey i have a [] []
[2012-05-05 09:56:02] Decode.ERROR: Time not found in i have to submit the course work before 12th may [] []
[2012-05-05 09:56:02] Leanguage.ERROR: Search Text not found I have exams starting on week after next week at IIT [] []
[2012-05-05 09:56:03] Decode.ERROR: Time not found in i have exams starting week after next week iit [] []
[2012-05-05 09:56:03] Decode.ERROR: Time not found in i have to be home for sammis birthday [] []
[2012-05-05 09:57:16] Decode.ERROR: Time not found in hey i have a [] []
[2012-05-05 09:57:19] Decode.ERROR: Time not found in i have to submit the course work before 12th may [] []
[2012-05-05 09:57:20] Leanguage.ERROR: Search Text not found I have exams starting on week after next week at IIT [] []
[2012-05-05 09:57:20] Decode.ERROR: Time not found in i have exams starting week after next week iit [] []
[2012-05-05 09:57:20] Decode.ERROR: Time not found in i have to be home for sammis birthday [] []
[2012-05-05 09:58:39] Leanguage.ERROR: Search Text not found  hve  meein   2    [] []
[2012-05-05 09:58:41] Decode.ERROR: Time not found in i have to submit the course work before 12th may [] []
[2012-05-05 09:58:41] Leanguage.ERROR: Search Text not found I have exams starting on week after next week at IIT [] []
[2012-05-05 09:58:41] Decode.ERROR: Time not found in i have exams starting week after next week iit [] []
[2012-05-05 09:58:42] Decode.ERROR: Time not found in i have to be home for sammis birthday [] []
[2012-05-05 10:00:05] Leanguage.ERROR: Search Text not found  hve  meein   2    [] []
[2012-05-05 10:00:08] Decode.ERROR: Time not found in i have to submit the course work before 12th may [] []
[2012-05-05 10:00:08] Leanguage.ERROR: Search Text not found I have exams starting on week after next week at IIT [] []
[2012-05-05 10:00:08] Decode.ERROR: Time not found in i have exams starting week after next week iit [] []
[2012-05-05 10:00:08] Decode.ERROR: Time not found in i have to be home for sammis birthday [] []
[2012-05-05 10:02:08] Leanguage.ERROR: Search Text not found  hve  meein   2    [] []
[2012-05-05 10:02:10] Decode.ERROR: Time not found in i have to submit the course work before 12th may [] []
[2012-05-05 10:02:10] Leanguage.ERROR: Search Text not found I have exams starting on week after next week at IIT [] []
[2012-05-05 10:02:10] Decode.ERROR: Time not found in i have exams starting week after next week iit [] []
[2012-05-05 10:02:11] Decode.ERROR: Time not found in i have to be home for sammis birthday [] []
[2012-05-05 10:02:40] Leanguage.ERROR: Search Text not found  hve  meein   2    [] []
[2012-05-05 10:02:43] Decode.ERROR: Time not found in i have to submit the course work before 12th may [] []
[2012-05-05 10:02:43] Leanguage.ERROR: Search Text not found I have exams starting on week after next week at IIT [] []
[2012-05-05 10:02:43] Decode.ERROR: Time not found in i have exams starting week after next week iit [] []
[2012-05-05 10:30:18] Leanguage.ERROR: Search Text not found  hve  meein   2    [] []
[2012-05-05 10:30:20] Decode.ERROR: Time not found in i have to submit the course work before 12th may [] []
[2012-05-05 10:30:21] Leanguage.ERROR: Search Text not found I have exams starting on week after next week at IIT [] []
[2012-05-05 10:30:21] Decode.ERROR: Time not found in i have exams starting week after next week iit [] []
[2012-05-05 12:49:38] Language.ERROR: Search Text not found  hve meein 2   [] []
[2012-05-05 12:50:11] Language.ERROR: Search Text not found  hve meein 2   [] []
[2012-05-05 12:50:14] Decode.ERROR: Time not found in i have to submit the course work before 12th may [] []
[2012-05-05 12:50:15] Language.ERROR: Search Text not found I have exams starting on week after next week at IIT [] []
[2012-05-05 12:50:15] Decode.ERROR: Time not found in i have exams starting week after next week iit [] []
[2012-05-05 12:51:28] Decode.ERROR: Time not found in i have to submit the course work before 12th may [] []
[2012-05-05 12:56:57] Language.ERROR: Search Text not found I have to submit the Course work on 12th may at IIT [] []
[2012-05-05 12:58:05] Language.ERROR: Search Text not found I have to submit the Course work on 12th may at IIT [] []
[2012-05-05 12:58:23] Language.ERROR: Search Text not found I have to submit the Course work on 12th may at IIT [] []
[2012-05-05 12:58:56] Language.ERROR: Search Text not found I have to submit the Course work on 12th may at IIT [] []
[2012-05-05 12:59:35] Language.ERROR: Search Text not found I have to submit the Course work on 12th may at IIT [] []
[2012-05-05 13:01:21] Language.ERROR: Search Text not found I have to submit the Course work on 12th may at IIT [] []
[2012-05-05 13:01:36] Language.ERROR: Search Text not found I have to submit the Course work on 12th may at IIT [] []
[2012-05-05 13:04:36] Language.ERROR: Search Text not found I have to submit the Course work on 12th may at IIT [] []
[2012-05-05 13:09:35] Language.ERROR: Search Text not found I have to submit the Course Work on 12th may at IIT [] []
[2012-05-05 13:12:41] Language.ERROR: Search Text not found I have to submit the Course Work on 12th may at IIT [] []
[2012-05-05 13:13:01] Language.ERROR: Search Text not found I have to submit the Course Work on 12th may at IIT [] []
[2012-05-05 13:13:26] Language.ERROR: Search Text not found I have to submit the Course Work on 12th may at IIT [] []
[2012-05-05 13:13:39] Language.ERROR: Search Text not found I have to submit the Course Work on 12th may at IIT [] []
[2012-05-05 13:13:56] Language.ERROR: Search Text not found I have to submit the Course Work on 12th may at IIT [] []
[2012-05-05 13:14:17] Language.ERROR: Search Text not found I have to submit the Course Work on 12th may at IIT [] []
[2012-05-05 13:15:05] Language.ERROR: Search Text not found I have to submit the Course Work on 12th may at IIT [] []
[2012-05-05 13:15:46] Language.ERROR: Search Text not found I have to submit the Course Work on 12th may at IIT [] []
[2012-05-05 13:17:42] Language.ERROR: Search Text not found I have to submit the Course Work on 12th may at IIT [] []
[2012-05-05 13:18:07] Language.ERROR: Search Text not found I have to submit the Course Work on 12th may at IIT [] []
[2012-05-05 13:48:24] Language.ERROR: Search Text not found I have to submit the Course Work on 12th may at IIT [] []
[2012-05-05 13:48:48] Language.ERROR: Search Text not found  hve meein 2  [] []
[2012-05-05 13:48:54] Decode.ERROR: Time not found in i have to submit the course work before 12th may [] []
[2012-05-05 13:48:55] Language.ERROR: Search Text not found I have exams starting on week after next week at IIT [] []
[2012-05-05 13:48:55] Decode.ERROR: Time not found in i have exams starting week after next week iit [] []
[2012-05-05 13:49:12] Language.ERROR: Search Text not found  have to be for ammi Birthday  [] []
[2012-05-05 13:54:51] Language.ERROR: Search Text not found  hve meein 2  [] []
[2012-05-05 13:54:55] Language.ERROR: Search Text not found I have to submit the Course Work on 12th may at IIT [] []
[2012-05-05 13:54:55] Language.ERROR: Search Text not found I have exams starting on week after next week at IIT [] []
[2012-05-05 13:54:55] Decode.ERROR: Time not found in i have exams starting week after next week iit [] []
[2012-05-05 13:54:56] Language.ERROR: Search Text not found  have to be for ammi Birthday  [] []
[2012-05-05 13:56:35] Language.ERROR: Search Text not found I have exams starting on week after next week at IIT [] []
[2012-05-05 13:56:35] Decode.ERROR: Time not found in i have exams starting week after next week iit [] []
[2012-05-05 13:57:14] Language.ERROR: Search Text not found I have exams starting on week after next week at IIT [] []
[2012-05-05 14:09:12] Language.ERROR: Search Text not found I have exams starting on 3rd Monday next month at IIT [] []
[2012-05-05 14:09:42] Language.ERROR: Search Text not found I have exams starting on 3rd Monday next month at IIT [] []
[2012-05-05 14:09:56] Language.ERROR: Search Text not found  have exams starting 3rd next month  [] []
[2012-05-05 14:25:44] Language.ERROR: Search Text not found  hve meein 2  [] []
[2012-05-05 14:25:47] Language.ERROR: Search Text not found I have to submit the Course Work on 12th may at IIT [] []
[2012-05-05 14:25:47] Language.ERROR: Search Text not found I have exams starting on week after next week at IIT [] []
[2012-05-05 14:25:47] Decode.ERROR: Time not found in i have exams starting week after next week iit [] []
[2012-05-05 14:25:48] Language.ERROR: Search Text not found  have to be for ammi Birthday  [] []
[2012-05-05 14:26:21] Language.ERROR: Search Text not found  hve meein 2  [] []
[2012-05-05 14:26:23] Language.ERROR: Search Text not found I have to submit the Course Work on 12th may at IIT [] []
[2012-05-05 14:26:24] Language.ERROR: Search Text not found I have exams starting on 3rd Monday next month at IIT [] []
[2012-05-05 14:26:24] Language.ERROR: Search Text not found  have exams starting 3rd next month  [] []
[2012-05-05 14:26:25] Language.ERROR: Search Text not found  have to be for ammi Birthday  [] []
[2012-05-05 14:29:03] Language.ERROR: Search Text not found  hve meein 2  [] []
[2012-05-05 14:29:06] Language.ERROR: Search Text not found I have to submit the Course Work on 12th may at IIT [] []
[2012-05-05 14:29:06] Language.ERROR: Search Text not found I have exams starting on 3rd Monday next month at IIT [] []
[2012-05-05 14:29:06] Language.ERROR: Search Text not found  have exams starting 3rd next month  [] []
[2012-05-05 14:29:07] Language.ERROR: Search Text not found  have to be for ammi Birthday  [] []
[2012-05-05 14:32:14] Language.ERROR: Search Text not found  hve meein 2  [] []
[2012-05-05 14:32:16] Language.ERROR: Search Text not found I have to submit the Course Work on 12th may at IIT [] []
[2012-05-05 14:32:17] Language.ERROR: Search Text not found I have exams starting on 3rd Monday next month at IIT [] []
[2012-05-05 14:32:17] Language.ERROR: Search Text not found  have exams starting 3rd next month  [] []
[2012-05-05 14:32:17] Language.ERROR: Search Text not found  have to be for ammi Birthday  [] []
[2012-05-05 14:43:51] Language.ERROR: Search Text not found  hve meein 2  [] []
[2012-05-05 14:43:54] Language.ERROR: Search Text not found I have to submit the Course Work on 12th may at IIT [] []
[2012-05-05 14:43:54] Language.ERROR: Search Text not found I have exams starting on 3rd Monday next month at IIT [] []
[2012-05-05 14:43:54] Language.ERROR: Search Text not found  have exams starting 3rd next month  [] []
[2012-05-05 14:43:55] Language.ERROR: Search Text not found  have to be for ammi Birthday  [] []
[2012-05-05 14:53:44] Language.ERROR: Search Text not found  hve meein  [] []
[2012-05-05 14:54:00] Language.ERROR: Search Text not found I have to submit the Course Work on 12th may at IIT [] []
[2012-05-05 14:54:00] Language.ERROR: Search Text not found I have exams starting on 3rd Monday next month at IIT [] []
[2012-05-05 14:54:00] Language.ERROR: Search Text not found  have exams starting 3rd next month  [] []
[2012-05-05 14:54:01] Language.ERROR: Search Text not found  have to be for ammi Birthday  [] []
[2012-05-05 17:23:12] Language.ERROR: Search Text not found  hve meein  [] []
[2012-05-05 17:23:13] Language.ERROR: Search Text not found I have to submit the Course Work on 12th may at IIT [] []
[2012-05-05 17:23:14] Language.ERROR: Search Text not found I have exams starting on 3rd Monday next month at IIT [] []
[2012-05-05 17:23:14] Language.ERROR: Search Text not found  have exams starting 3rd next month  [] []
[2012-05-05 17:23:14] Language.ERROR: Search Text not found  have to be for ammi Birthday  [] []
[2012-05-05 17:24:17] Language.ERROR: Search Text not found  hve meein  [] []
[2012-05-05 17:24:19] Language.ERROR: Search Text not found I have to submit the Course Work on 12th may at IIT [] []
[2012-05-05 17:24:19] Language.ERROR: Search Text not found I have exams starting on 3rd Monday next month at IIT [] []
[2012-05-05 17:24:19] Language.ERROR: Search Text not found  have exams starting 3rd next month  [] []
[2012-05-05 17:24:20] Language.ERROR: Search Text not found  have to be for ammi Birthday  [] []
