[2012-01-09 17:37:09] request.ERROR: Symfony\Component\HttpKernel\Exception\NotFoundHttpException: No route found for "GET /" (uncaught exception) at /var/www/html/Symfony/vendor/symfony/src/Symfony/Bundle/FrameworkBundle/EventListener/RouterListener.php line 83 [] []
[2012-01-09 17:37:10] request.ERROR: Symfony\Component\HttpKernel\Exception\NotFoundHttpException: No route found for "GET /" (uncaught exception) at /var/www/html/Symfony/vendor/symfony/src/Symfony/Bundle/FrameworkBundle/EventListener/RouterListener.php line 83 [] []
[2012-01-09 19:35:02] request.ERROR: Symfony\Component\HttpKernel\Exception\NotFoundHttpException: No route found for "GET /welcome//aas" (uncaught exception) at /var/www/html/Symfony/app/cache/prod/classes.php line 4560 [] []
[2012-01-09 19:35:07] request.ERROR: Symfony\Component\HttpKernel\Exception\NotFoundHttpException: No route found for "GET /welcome/aas" (uncaught exception) at /var/www/html/Symfony/app/cache/prod/classes.php line 4560 [] []
[2012-01-09 22:46:55] request.ERROR: Symfony\Component\HttpKernel\Exception\NotFoundHttpException: No route found for "GET /" (uncaught exception) at /var/www/html/Symfony/app/cache/prod/classes.php line 4560 [] []
[2012-01-09 22:47:05] request.ERROR: Symfony\Component\HttpKernel\Exception\NotFoundHttpException: No route found for "GET //__vsphp_info.php" (uncaught exception) at /var/www/html/Symfony/app/cache/prod/classes.php line 4560 [] []
[2012-01-12 13:29:03] request.ERROR: Symfony\Component\HttpKernel\Exception\NotFoundHttpException: No route found for "GET /demo/secured/login" (uncaught exception) at /var/www/html/Symfony/app/cache/prod/classes.php line 4560 [] []
[2012-01-12 18:32:44] request.ERROR: Symfony\Component\HttpKernel\Exception\NotFoundHttpException: No route found for "GET /js/jquery-1.6.js" (uncaught exception) at /var/www/html/Symfony/app/cache/prod/classes.php line 4560 [] []
[2012-01-12 18:36:35] request.ERROR: Symfony\Component\HttpKernel\Exception\NotFoundHttpException: No route found for "GET /js/jquery-1.6.js" (uncaught exception) at /var/www/html/Symfony/app/cache/prod/classes.php line 4560 [] []
[2012-01-14 07:59:04] request.ERROR: Symfony\Component\HttpKernel\Exception\NotFoundHttpException: No route found for "GET /css/mag-glass.png" (uncaught exception) at /var/www/html/Symfony/app/cache/prod/classes.php line 4560 [] []
[2012-01-14 07:59:07] request.ERROR: Symfony\Component\HttpKernel\Exception\NotFoundHttpException: No route found for "GET /css/mag-glass.png" (uncaught exception) at /var/www/html/Symfony/app/cache/prod/classes.php line 4560 [] []
[2012-01-14 08:01:07] request.ERROR: Symfony\Component\HttpKernel\Exception\NotFoundHttpException: No route found for "GET /css/mag-glass.png" (uncaught exception) at /var/www/html/Symfony/app/cache/prod/classes.php line 4560 [] []
[2012-01-14 10:44:38] request.ERROR: Symfony\Component\HttpKernel\Exception\NotFoundHttpException: No route found for "GET /" (uncaught exception) at /var/www/html/Symfony/app/cache/prod/classes.php line 4560 [] []
[2012-01-14 10:45:07] request.ERROR: Symfony\Component\HttpKernel\Exception\NotFoundHttpException: No route found for "GET /features" (uncaught exception) at /var/www/html/Symfony/app/cache/prod/classes.php line 4560 [] []
[2012-01-14 10:45:40] request.ERROR: Symfony\Component\HttpKernel\Exception\NotFoundHttpException: No route found for "GET /about" (uncaught exception) at /var/www/html/Symfony/app/cache/prod/classes.php line 4560 [] []
[2012-01-14 10:45:43] request.ERROR: Symfony\Component\HttpKernel\Exception\NotFoundHttpException: No route found for "GET /support" (uncaught exception) at /var/www/html/Symfony/app/cache/prod/classes.php line 4560 [] []
[2012-01-14 10:45:43] request.ERROR: Symfony\Component\HttpKernel\Exception\NotFoundHttpException: No route found for "GET /contacts" (uncaught exception) at /var/www/html/Symfony/app/cache/prod/classes.php line 4560 [] []
[2012-01-15 18:42:53] request.ERROR: Symfony\Component\HttpKernel\Exception\NotFoundHttpException: No route found for "GET /css/check-off.png" (uncaught exception) at /var/www/html/Symfony/app/cache/prod/classes.php line 4560 [] []
[2012-01-15 18:42:53] request.ERROR: Symfony\Component\HttpKernel\Exception\NotFoundHttpException: No route found for "GET /css/radio-off.png" (uncaught exception) at /var/www/html/Symfony/app/cache/prod/classes.php line 4560 [] []
[2012-01-15 18:42:53] request.ERROR: Symfony\Component\HttpKernel\Exception\NotFoundHttpException: No route found for "GET /css/radio-on.png" (uncaught exception) at /var/www/html/Symfony/app/cache/prod/classes.php line 4560 [] []
[2012-01-15 18:42:53] request.ERROR: Symfony\Component\HttpKernel\Exception\NotFoundHttpException: No route found for "GET /css/check-on.png" (uncaught exception) at /var/www/html/Symfony/app/cache/prod/classes.php line 4560 [] []
[2012-01-15 18:45:01] request.ERROR: Symfony\Component\HttpKernel\Exception\NotFoundHttpException: No route found for "GET /css/check-off.png" (uncaught exception) at /var/www/html/Symfony/app/cache/prod/classes.php line 4560 [] []
[2012-01-15 18:45:01] request.ERROR: Symfony\Component\HttpKernel\Exception\NotFoundHttpException: No route found for "GET /css/radio-on.png" (uncaught exception) at /var/www/html/Symfony/app/cache/prod/classes.php line 4560 [] []
[2012-01-15 18:45:01] request.ERROR: Symfony\Component\HttpKernel\Exception\NotFoundHttpException: No route found for "GET /css/check-on.png" (uncaught exception) at /var/www/html/Symfony/app/cache/prod/classes.php line 4560 [] []
[2012-01-15 18:45:01] request.ERROR: Symfony\Component\HttpKernel\Exception\NotFoundHttpException: No route found for "GET /css/radio-off.png" (uncaught exception) at /var/www/html/Symfony/app/cache/prod/classes.php line 4560 [] []
[2012-01-17 10:15:52] request.ERROR: Symfony\Component\HttpKernel\Exception\NotFoundHttpException: No route found for "GET /" (uncaught exception) at /var/www/html/Symfony/app/cache/prod/classes.php line 4560 [] []
